2025-02-21 08:39:07.501 [background-preinit] INFO  o.h.validator.internal.util.Version - HV000001: Hibernate Validator 8.0.2.Final
2025-02-21 08:39:07.613 [main] INFO  io.goorm.youtube.YoutubeApplication - Starting YoutubeApplication using Java 21.0.2 with PID 33660 (D:\workspace-edu\youtube\build\classes\java\main started by topol in D:\workspace-edu\youtube)
2025-02-21 08:39:07.614 [main] DEBUG io.goorm.youtube.YoutubeApplication - Running with Spring Boot v3.4.2, Spring v6.2.2
2025-02-21 08:39:07.615 [main] INFO  io.goorm.youtube.YoutubeApplication - The following 1 profile is active: "local"
2025-02-21 08:39:08.931 [main] INFO  o.s.d.r.c.RepositoryConfigurationDelegate - Bootstrapping Spring Data JPA repositories in DEFAULT mode.
2025-02-21 08:39:09.038 [main] INFO  o.s.d.r.c.RepositoryConfigurationDelegate - Finished Spring Data repository scanning in 85 ms. Found 2 JPA repository interfaces.
2025-02-21 08:39:10.074 [main] INFO  o.s.b.w.e.tomcat.TomcatWebServer - Tomcat initialized with port 8080 (http)
2025-02-21 08:39:10.094 [main] INFO  o.a.coyote.http11.Http11NioProtocol - Initializing ProtocolHandler ["http-nio-8080"]
2025-02-21 08:39:10.096 [main] INFO  o.a.catalina.core.StandardService - Starting service [Tomcat]
2025-02-21 08:39:10.097 [main] INFO  o.a.catalina.core.StandardEngine - Starting Servlet engine: [Apache Tomcat/10.1.34]
2025-02-21 08:39:10.236 [main] INFO  o.a.c.c.C.[Tomcat].[localhost].[/] - Initializing Spring embedded WebApplicationContext
2025-02-21 08:39:10.237 [main] INFO  o.s.b.w.s.c.ServletWebServerApplicationContext - Root WebApplicationContext: initialization completed in 2534 ms
2025-02-21 08:39:10.531 [main] INFO  o.h.jpa.internal.util.LogHelper - HHH000204: Processing PersistenceUnitInfo [name: default]
2025-02-21 08:39:10.662 [main] INFO  org.hibernate.Version - HHH000412: Hibernate ORM core version 6.6.5.Final
2025-02-21 08:39:10.759 [main] INFO  o.h.c.i.RegionFactoryInitiator - HHH000026: Second-level cache disabled
2025-02-21 08:39:11.185 [main] INFO  o.s.o.j.p.SpringPersistenceUnitInfo - No LoadTimeWeaver setup: ignoring JPA class transformer
2025-02-21 08:39:11.236 [main] INFO  com.zaxxer.hikari.HikariDataSource - HikariPool-1 - Starting...
2025-02-21 08:39:11.433 [main] INFO  com.zaxxer.hikari.pool.HikariPool - HikariPool-1 - Added connection conn0: url=jdbc:h2:mem:youtube user=SA
2025-02-21 08:39:11.435 [main] INFO  com.zaxxer.hikari.HikariDataSource - HikariPool-1 - Start completed.
2025-02-21 08:39:11.463 [main] WARN  org.hibernate.orm.deprecation - HHH90000025: H2Dialect does not need to be specified explicitly using 'hibernate.dialect' (remove the property setting and it will be selected by default)
2025-02-21 08:39:11.499 [main] INFO  o.hibernate.orm.connections.pooling - HHH10001005: Database info:
	Database JDBC URL [Connecting through datasource 'HikariDataSource (HikariPool-1)']
	Database driver: undefined/unknown
	Database version: 2.3.232
	Autocommit mode: undefined/unknown
	Isolation level: undefined/unknown
	Minimum pool size: undefined/unknown
	Maximum pool size: undefined/unknown
2025-02-21 08:39:12.484 [main] INFO  o.h.e.t.j.p.i.JtaPlatformInitiator - HHH000489: No JTA platform available (set 'hibernate.transaction.jta.platform' to enable JTA platform integration)
2025-02-21 08:39:12.502 [main] DEBUG org.hibernate.SQL - 
    drop table if exists members cascade 
2025-02-21 08:39:12.504 [main] DEBUG org.hibernate.SQL - 
    drop table if exists videos cascade 
2025-02-21 08:39:12.509 [main] DEBUG org.hibernate.SQL - 
    create table members (
        enabled boolean not null,
        member_seq bigint generated by default as identity,
        reg_at timestamp(6),
        update_at timestamp(6),
        withdrawal_date timestamp(6),
        member_id varchar(255) not null unique,
        member_info varchar(255),
        member_name varchar(255) not null,
        member_pw varchar(255) not null,
        profile_path varchar(255),
        withdrawal_reason varchar(255),
        role enum ('ADMIN','USER') not null,
        primary key (member_seq)
    )
2025-02-21 08:39:12.518 [main] DEBUG org.hibernate.SQL - 
    create table videos (
        delete_yn boolean not null,
        publish_yn boolean not null,
        member_seq bigint,
        reg_at timestamp(6),
        update_at timestamp(6),
        video_seq bigint generated by default as identity,
        content TEXT,
        thumbnail_path varchar(255),
        title varchar(255) not null,
        video_path varchar(255) not null,
        primary key (video_seq)
    )
2025-02-21 08:39:12.519 [main] DEBUG org.hibernate.SQL - 
    alter table if exists videos 
       add constraint FK2ovyqhpp20o20coklkav9pq7o 
       foreign key (member_seq) 
       references members
2025-02-21 08:39:12.535 [main] INFO  o.s.o.j.LocalContainerEntityManagerFactoryBean - Initialized JPA EntityManagerFactory for persistence unit 'default'
2025-02-21 08:39:13.358 [main] DEBUG org.hibernate.SQL - 
    insert 
    into
        members
        (enabled, member_id, member_info, member_name, member_pw, profile_path, reg_at, role, update_at, withdrawal_date, withdrawal_reason, member_seq) 
    values
        (?, ?, ?, ?, ?, ?, ?, ?, ?, ?, ?, default)
2025-02-21 08:39:13.368 [main] TRACE org.hibernate.orm.jdbc.bind - binding parameter (1:BOOLEAN) <- [true]
2025-02-21 08:39:13.369 [main] TRACE org.hibernate.orm.jdbc.bind - binding parameter (2:VARCHAR) <- [user]
2025-02-21 08:39:13.369 [main] TRACE org.hibernate.orm.jdbc.bind - binding parameter (3:VARCHAR) <- [사용자 유저입니다.]
2025-02-21 08:39:13.370 [main] TRACE org.hibernate.orm.jdbc.bind - binding parameter (4:VARCHAR) <- [Usermember]
2025-02-21 08:39:13.370 [main] TRACE org.hibernate.orm.jdbc.bind - binding parameter (5:VARCHAR) <- [$2a$10$g2dayDUBbEt6Mrd.SEZkq.6UVZj2L..QTWtJV9Eeh3G6ndhnZLg5S]
2025-02-21 08:39:13.370 [main] TRACE org.hibernate.orm.jdbc.bind - binding parameter (6:VARCHAR) <- [/upload/user.png]
2025-02-21 08:39:13.370 [main] TRACE org.hibernate.orm.jdbc.bind - binding parameter (7:TIMESTAMP) <- [2025-02-21T08:39:13.284750300]
2025-02-21 08:39:13.372 [main] TRACE org.hibernate.orm.jdbc.bind - binding parameter (8:ENUM) <- [USER]
2025-02-21 08:39:13.372 [main] TRACE org.hibernate.orm.jdbc.bind - binding parameter (9:TIMESTAMP) <- [2025-02-21T08:39:13.284750300]
2025-02-21 08:39:13.372 [main] TRACE org.hibernate.orm.jdbc.bind - binding parameter (10:TIMESTAMP) <- [null]
2025-02-21 08:39:13.372 [main] TRACE org.hibernate.orm.jdbc.bind - binding parameter (11:VARCHAR) <- [null]
2025-02-21 08:39:13.657 [main] WARN  o.s.b.a.o.j.JpaBaseConfiguration$JpaWebConfiguration - spring.jpa.open-in-view is enabled by default. Therefore, database queries may be performed during view rendering. Explicitly configure spring.jpa.open-in-view to disable this warning
2025-02-21 08:39:13.696 [main] INFO  o.s.s.c.a.a.c.InitializeUserDetailsBeanManagerConfigurer$InitializeUserDetailsManagerConfigurer - Global AuthenticationManager configured with UserDetailsService bean with name customUserDetailsService
2025-02-21 08:39:14.347 [main] INFO  o.s.b.a.h.H2ConsoleAutoConfiguration - H2 console available at '/h2-console'. Database available at 'jdbc:h2:mem:youtube'
2025-02-21 08:39:14.422 [main] INFO  o.a.coyote.http11.Http11NioProtocol - Starting ProtocolHandler ["http-nio-8080"]
2025-02-21 08:39:14.463 [main] INFO  o.s.b.w.e.tomcat.TomcatWebServer - Tomcat started on port 8080 (http) with context path '/'
2025-02-21 08:39:14.472 [main] INFO  io.goorm.youtube.YoutubeApplication - Started YoutubeApplication in 7.802 seconds (process running for 8.283)
2025-02-21 08:39:37.799 [background-preinit] INFO  o.h.validator.internal.util.Version - HV000001: Hibernate Validator 8.0.2.Final
2025-02-21 08:39:37.969 [main] INFO  io.goorm.youtube.YoutubeApplication - Starting YoutubeApplication using Java 21.0.2 with PID 12312 (D:\workspace-edu\youtube\build\classes\java\main started by topol in D:\workspace-edu\youtube)
2025-02-21 08:39:37.970 [main] DEBUG io.goorm.youtube.YoutubeApplication - Running with Spring Boot v3.4.2, Spring v6.2.2
2025-02-21 08:39:37.971 [main] INFO  io.goorm.youtube.YoutubeApplication - The following 1 profile is active: "local"
2025-02-21 08:39:39.390 [main] INFO  o.s.d.r.c.RepositoryConfigurationDelegate - Bootstrapping Spring Data JPA repositories in DEFAULT mode.
2025-02-21 08:39:39.538 [main] INFO  o.s.d.r.c.RepositoryConfigurationDelegate - Finished Spring Data repository scanning in 128 ms. Found 2 JPA repository interfaces.
2025-02-21 08:39:40.952 [main] INFO  o.s.b.w.e.tomcat.TomcatWebServer - Tomcat initialized with port 8080 (http)
2025-02-21 08:39:40.981 [main] INFO  o.a.coyote.http11.Http11NioProtocol - Initializing ProtocolHandler ["http-nio-8080"]
2025-02-21 08:39:40.988 [main] INFO  o.a.catalina.core.StandardService - Starting service [Tomcat]
2025-02-21 08:39:40.988 [main] INFO  o.a.catalina.core.StandardEngine - Starting Servlet engine: [Apache Tomcat/10.1.34]
2025-02-21 08:39:41.174 [main] INFO  o.a.c.c.C.[Tomcat].[localhost].[/] - Initializing Spring embedded WebApplicationContext
2025-02-21 08:39:41.175 [main] INFO  o.s.b.w.s.c.ServletWebServerApplicationContext - Root WebApplicationContext: initialization completed in 3117 ms
2025-02-21 08:39:41.437 [main] INFO  o.h.jpa.internal.util.LogHelper - HHH000204: Processing PersistenceUnitInfo [name: default]
2025-02-21 08:39:41.562 [main] INFO  org.hibernate.Version - HHH000412: Hibernate ORM core version 6.6.5.Final
2025-02-21 08:39:41.605 [main] INFO  o.h.c.i.RegionFactoryInitiator - HHH000026: Second-level cache disabled
2025-02-21 08:39:42.004 [main] INFO  o.s.o.j.p.SpringPersistenceUnitInfo - No LoadTimeWeaver setup: ignoring JPA class transformer
2025-02-21 08:39:42.058 [main] INFO  com.zaxxer.hikari.HikariDataSource - HikariPool-1 - Starting...
2025-02-21 08:39:42.239 [main] INFO  com.zaxxer.hikari.pool.HikariPool - HikariPool-1 - Added connection conn0: url=jdbc:h2:mem:youtube user=SA
2025-02-21 08:39:42.242 [main] INFO  com.zaxxer.hikari.HikariDataSource - HikariPool-1 - Start completed.
2025-02-21 08:39:42.273 [main] WARN  org.hibernate.orm.deprecation - HHH90000025: H2Dialect does not need to be specified explicitly using 'hibernate.dialect' (remove the property setting and it will be selected by default)
2025-02-21 08:39:42.300 [main] INFO  o.hibernate.orm.connections.pooling - HHH10001005: Database info:
	Database JDBC URL [Connecting through datasource 'HikariDataSource (HikariPool-1)']
	Database driver: undefined/unknown
	Database version: 2.3.232
	Autocommit mode: undefined/unknown
	Isolation level: undefined/unknown
	Minimum pool size: undefined/unknown
	Maximum pool size: undefined/unknown
2025-02-21 08:39:43.334 [main] INFO  o.h.e.t.j.p.i.JtaPlatformInitiator - HHH000489: No JTA platform available (set 'hibernate.transaction.jta.platform' to enable JTA platform integration)
2025-02-21 08:39:43.348 [main] DEBUG org.hibernate.SQL - 
    drop table if exists members cascade 
2025-02-21 08:39:43.352 [main] DEBUG org.hibernate.SQL - 
    drop table if exists videos cascade 
2025-02-21 08:39:43.356 [main] DEBUG org.hibernate.SQL - 
    create table members (
        enabled boolean not null,
        member_seq bigint generated by default as identity,
        reg_at timestamp(6),
        update_at timestamp(6),
        withdrawal_date timestamp(6),
        member_id varchar(255) not null unique,
        member_info varchar(255),
        member_name varchar(255) not null,
        member_pw varchar(255) not null,
        profile_path varchar(255),
        withdrawal_reason varchar(255),
        role enum ('ADMIN','USER') not null,
        primary key (member_seq)
    )
2025-02-21 08:39:43.365 [main] DEBUG org.hibernate.SQL - 
    create table videos (
        delete_yn boolean not null,
        publish_yn boolean not null,
        member_seq bigint,
        reg_at timestamp(6),
        update_at timestamp(6),
        video_seq bigint generated by default as identity,
        content TEXT,
        thumbnail_path varchar(255),
        title varchar(255) not null,
        video_path varchar(255) not null,
        primary key (video_seq)
    )
2025-02-21 08:39:43.366 [main] DEBUG org.hibernate.SQL - 
    alter table if exists videos 
       add constraint FK2ovyqhpp20o20coklkav9pq7o 
       foreign key (member_seq) 
       references members
2025-02-21 08:39:43.378 [main] INFO  o.s.o.j.LocalContainerEntityManagerFactoryBean - Initialized JPA EntityManagerFactory for persistence unit 'default'
2025-02-21 08:39:44.077 [main] DEBUG org.hibernate.SQL - 
    insert 
    into
        members
        (enabled, member_id, member_info, member_name, member_pw, profile_path, reg_at, role, update_at, withdrawal_date, withdrawal_reason, member_seq) 
    values
        (?, ?, ?, ?, ?, ?, ?, ?, ?, ?, ?, default)
2025-02-21 08:39:44.087 [main] TRACE org.hibernate.orm.jdbc.bind - binding parameter (1:BOOLEAN) <- [true]
2025-02-21 08:39:44.087 [main] TRACE org.hibernate.orm.jdbc.bind - binding parameter (2:VARCHAR) <- [user]
2025-02-21 08:39:44.088 [main] TRACE org.hibernate.orm.jdbc.bind - binding parameter (3:VARCHAR) <- [사용자 유저입니다.]
2025-02-21 08:39:44.089 [main] TRACE org.hibernate.orm.jdbc.bind - binding parameter (4:VARCHAR) <- [Usermember]
2025-02-21 08:39:44.089 [main] TRACE org.hibernate.orm.jdbc.bind - binding parameter (5:VARCHAR) <- [$2a$10$aJG1FWECNewIqAJp6I.ycO63kcCZV6M5fQ7KChVizcfWcIlLJ4awm]
2025-02-21 08:39:44.089 [main] TRACE org.hibernate.orm.jdbc.bind - binding parameter (6:VARCHAR) <- [/upload/user.png]
2025-02-21 08:39:44.089 [main] TRACE org.hibernate.orm.jdbc.bind - binding parameter (7:TIMESTAMP) <- [2025-02-21T08:39:44.032393700]
2025-02-21 08:39:44.091 [main] TRACE org.hibernate.orm.jdbc.bind - binding parameter (8:ENUM) <- [USER]
2025-02-21 08:39:44.091 [main] TRACE org.hibernate.orm.jdbc.bind - binding parameter (9:TIMESTAMP) <- [2025-02-21T08:39:44.032393700]
2025-02-21 08:39:44.091 [main] TRACE org.hibernate.orm.jdbc.bind - binding parameter (10:TIMESTAMP) <- [null]
2025-02-21 08:39:44.091 [main] TRACE org.hibernate.orm.jdbc.bind - binding parameter (11:VARCHAR) <- [null]
2025-02-21 08:39:44.354 [main] WARN  o.s.b.a.o.j.JpaBaseConfiguration$JpaWebConfiguration - spring.jpa.open-in-view is enabled by default. Therefore, database queries may be performed during view rendering. Explicitly configure spring.jpa.open-in-view to disable this warning
2025-02-21 08:39:44.386 [main] INFO  o.s.s.c.a.a.c.InitializeUserDetailsBeanManagerConfigurer$InitializeUserDetailsManagerConfigurer - Global AuthenticationManager configured with UserDetailsService bean with name customUserDetailsService
2025-02-21 08:39:44.992 [main] INFO  o.s.b.a.h.H2ConsoleAutoConfiguration - H2 console available at '/h2-console'. Database available at 'jdbc:h2:mem:youtube'
2025-02-21 08:39:45.065 [main] INFO  o.a.coyote.http11.Http11NioProtocol - Starting ProtocolHandler ["http-nio-8080"]
2025-02-21 08:39:45.091 [main] INFO  o.s.b.w.e.tomcat.TomcatWebServer - Tomcat started on port 8080 (http) with context path '/'
2025-02-21 08:39:45.101 [main] INFO  io.goorm.youtube.YoutubeApplication - Started YoutubeApplication in 8.11 seconds (process running for 8.593)
